# initial testing

================================================= test session starts ==================================================
platform linux -- Python 3.8.10, pytest-7.1.3, pluggy-1.0.0 -- /home/myst/huntingspace/bin/python3
cachedir: .pytest_cache
rootdir: /home/myst/kestrel-lang
plugins: typeguard-2.13.3, anyio-3.6.1
collected 32 items

tests/test_completion.py::test_do_complete_after_get[x-expected0] PASSED                                         [  3%]
tests/test_completion.py::test_do_complete_after_get[x -expected1] PASSED                                        [  6%]
tests/test_completion.py::test_do_complete_after_get[c-expected2] PASSED                                         [  9%]
tests/test_completion.py::test_do_complete_after_get[conns-expected3] PASSED                                     [ 12%]
tests/test_completion.py::test_do_complete_after_get[conns -expected4] PASSED                                    [ 15%]
tests/test_completion.py::test_do_complete_after_get[disp -expected5] PASSED                                     [ 18%]
tests/test_completion.py::test_do_complete_after_get[procs = -expected6] PASSED                                  [ 21%]
tests/test_completion.py::test_do_complete_after_get[procs = G-expected7] PASSED                                 [ 25%]
tests/test_completion.py::test_do_complete_after_get[procs = F-expected8] PASSED                                 [ 28%]
tests/test_completion.py::test_do_complete_after_get[procs = FI-expected9] PASSED                                [ 31%]
tests/test_completion.py::test_do_complete_after_get[procs = FIN-expected10] PASSED                              [ 34%]
tests/test_completion.py::test_do_complete_after_get[procs = FIND-expected11] PASSED                             [ 37%]
tests/test_completion.py::test_do_complete_after_get[procs = FIND -expected12] PASSED                            [ 40%]
tests/test_completion.py::test_do_complete_after_get[procs = FIND p-expected13] PASSED                           [ 43%]
tests/test_completion.py::test_do_complete_after_get[procs = FIND process-expected14] PASSED                     [ 46%]
tests/test_completion.py::test_do_complete_after_get[procs = FIND process -expected15] PASSED                    [ 50%]
tests/test_completion.py::test_do_complete_after_get[procs = FIND process l-expected16] PASSED                   [ 53%]
tests/test_completion.py::test_do_complete_after_get[procs = FIND process c-expected17] PASSED                   [ 56%]
tests/test_completion.py::test_do_complete_after_get[procs = FIND process created -expected18] PASSED            [ 59%]
tests/test_completion.py::test_do_complete_after_get[procs = FIND process created BY -expected19] PASSED         [ 62%]
tests/test_completion.py::test_do_complete_after_get[procs2 = SORT procs -expected20] PASSED                     [ 65%]
tests/test_completion.py::test_do_complete_after_get[grps = GR-expected21] PASSED                                [ 68%]
tests/test_completion.py::test_do_complete_after_get[grps = GROUP -expected22] PASSED                            [ 71%]
tests/test_completion.py::test_do_complete_after_get[grps = GROUP conns -expected23] PASSED                      [ 75%]
tests/test_completion.py::test_do_complete_after_get[grps = GROUP conns by -expected24] PASSED                   [ 78%]
tests/test_completion.py::test_do_complete_after_get[urls = g-expected25] PASSED                                 [ 81%]
tests/test_completion.py::test_do_complete_after_get[urls = ge-expected26] PASSED                                [ 84%]
tests/test_completion.py::test_do_complete_after_get[urls = get -expected27] PASSED                              [ 87%]
tests/test_completion.py::test_do_complete_after_get[urls = get url -expected28] PASSED                          [ 90%]
tests/test_completion.py::test_do_complete_after_get[urls = get url from -expected29] PASSED                     [ 93%]
tests/test_completion.py::test_do_complete_after_get[urls = get url where -expected30] PASSED                    [ 96%]
tests/test_completion.py::test_do_complete_after_get[DISP conns ATTR -expected31] FAILED                         [100%]

======================================================= FAILURES =======================================================
_______________________________ test_do_complete_after_get[DISP conns ATTR -expected31] ________________________________

a_session = <kestrel.session.Session object at 0x7fac8d9a8ee0>, code = 'DISP conns ATTR '
expected = {'dst_port', 'dst_ref.id', 'dst_ref.value', 'end', 'id', 'protocols', ...}

    @pytest.mark.parametrize(
        "code, expected",
        [
            ("x", []),  # No suggestions
            ("x ", {"=", "+"}),
            ("c", {"onns"}),
            ("conns", [""]),  # Empty string means word is complete
            ("conns ", {"=", "+"}),
            ("disp ", {"conns", "_"} | TRANSFORMS),
            (
                "procs = ",
                {"GET", "FIND", "JOIN", "SORT", "GROUP", "LOAD", "NEW", "conns", "_"}
                | TRANSFORMS,
            ),
            ("procs = G", {"ET", "ROUP"}),
            ("procs = F", {"IND"}),
            ("procs = FI", {"ND"}),
            ("procs = FIN", {"D"}),
            ("procs = FIND", []),
            ("procs = FIND ", KNOWN_ETYPES),
            ("procs = FIND p", ["rocess"]),
            ("procs = FIND process", [""]),
            # ("procs = FIND process ", {"created", "loaded", "linked"}),
            ("procs = FIND process ", all_relations),
            ("procs = FIND process l", {"oaded", "inked"}),
            ("procs = FIND process c", {"reated", "ontained"}),
            ("procs = FIND process created ", {"conns", "_", "BY"}),
            ("procs = FIND process created BY ", {"conns", "_"}),
            ("procs2 = SORT procs ", {"BY"}),
            ("grps = GR", {"OUP"}),
            ("grps = GROUP ", {"conns", "_"}),
            ("grps = GROUP conns ", {"BY"}),
            ("grps = GROUP conns by ", {"ATTRIBUTE", "BIN"}),  # TODO: we don't suggest attrs yet
            ("urls = g", ["et", "roup"]),
            ("urls = ge", ["t"]),
            ("urls = get ", KNOWN_ETYPES),
            ("urls = get url ", ["FROM", "WHERE"]),
            (
                "urls = get url from ",
                ["_", "conns", "file://", "http://", "https://", "stixshifter://"],
            ),
            ("urls = get url where ", {'ENTITY_ATTRIBUTE_PATH', 'LSQB', 'LPAR'}),
            ("DISP conns ATTR ", {
                "dst_port",
                "dst_ref.id",
                "dst_ref.value",
                "end",
                "id",
                "protocols",
                "src_port",
                "src_ref.id",
                "src_ref.value",
                "start",
            }),
        ],
    )
    # ("DISP conns ATTR d", {"dst_port", "dst_ref.id", "dst_ref.value"}),
    # ("DISP conns ATTR s", {"src_port", "src_ref.id", "src_ref.value"}),

    def test_do_complete_after_get(a_session, code, expected):
        result = a_session.do_complete(code, len(code))
>       assert set(result) == set(expected)
E       AssertionError: assert {'dst_port',\n 'dst_ref',\n 'end',\n 'id',\n 'protocols',\n 'src_port',\n 'src_ref',\n 'start'} == {'dst_port',\n 'dst_ref.id',\n 'dst_ref.value',\n 'end',\n 'id',\n 'protocols',\n 'src_port',\n 'src_ref.id',\n 'src_ref.value',\n 'start'}
E         Extra items in the left set:
E         'src_ref'
E         'dst_ref'
E         Extra items in the right set:
E         'src_ref.id'
E         'dst_ref.id'
E         'src_ref.value'
E         'dst_ref.value'
E         Full diff:
E           {
E            'dst_port',
E         -  'dst_ref.id',
E         ?          ---
E         +  'dst_ref',
E         -  'dst_ref.value',
E            'end',
E            'id',
E            'protocols',
E            'src_port',
E         -  'src_ref.id',
E         ?          ---
E         +  'src_ref',
E         -  'src_ref.value',
E            'start',
E           }

tests/test_completion.py:111: AssertionError
=============================================== short test summary info ================================================
FAILED tests/test_completion.py::test_do_complete_after_get[DISP conns ATTR -expected31] - AssertionError: assert {'d...
============================================ 1 failed, 31 passed in 42.67s =============================================


# replaced _ref.id/value options with just _ref; separate issue to address .id/value autocompletion

================================================= test session starts ==================================================
platform linux -- Python 3.8.10, pytest-7.1.3, pluggy-1.0.0
rootdir: /home/myst/kestrel-lang
plugins: typeguard-2.13.3, anyio-3.6.1
collected 32 items

tests/test_completion.py ................................                                                        [100%]

================================================= 32 passed in 45.01s ==================================================
(huntingspace) myst@foxglove:~/kestrel-lang$ pytest tests/test_completion.py -v
================================================= test session starts ==================================================
platform linux -- Python 3.8.10, pytest-7.1.3, pluggy-1.0.0 -- /home/myst/huntingspace/bin/python3
cachedir: .pytest_cache
rootdir: /home/myst/kestrel-lang
plugins: typeguard-2.13.3, anyio-3.6.1
collected 32 items

tests/test_completion.py::test_do_complete_after_get[x-expected0] PASSED                                         [  3%]
tests/test_completion.py::test_do_complete_after_get[x -expected1] PASSED                                        [  6%]
tests/test_completion.py::test_do_complete_after_get[c-expected2] PASSED                                         [  9%]
tests/test_completion.py::test_do_complete_after_get[conns-expected3] PASSED                                     [ 12%]
tests/test_completion.py::test_do_complete_after_get[conns -expected4] PASSED                                    [ 15%]
tests/test_completion.py::test_do_complete_after_get[disp -expected5] PASSED                                     [ 18%]
tests/test_completion.py::test_do_complete_after_get[procs = -expected6] PASSED                                  [ 21%]
tests/test_completion.py::test_do_complete_after_get[procs = G-expected7] PASSED                                 [ 25%]
tests/test_completion.py::test_do_complete_after_get[procs = F-expected8] PASSED                                 [ 28%]
tests/test_completion.py::test_do_complete_after_get[procs = FI-expected9] PASSED                                [ 31%]
tests/test_completion.py::test_do_complete_after_get[procs = FIN-expected10] PASSED                              [ 34%]
tests/test_completion.py::test_do_complete_after_get[procs = FIND-expected11] PASSED                             [ 37%]
tests/test_completion.py::test_do_complete_after_get[procs = FIND -expected12] PASSED                            [ 40%]
tests/test_completion.py::test_do_complete_after_get[procs = FIND p-expected13] PASSED                           [ 43%]
tests/test_completion.py::test_do_complete_after_get[procs = FIND process-expected14] PASSED                     [ 46%]
tests/test_completion.py::test_do_complete_after_get[procs = FIND process -expected15] PASSED                    [ 50%]
tests/test_completion.py::test_do_complete_after_get[procs = FIND process l-expected16] PASSED                   [ 53%]
tests/test_completion.py::test_do_complete_after_get[procs = FIND process c-expected17] PASSED                   [ 56%]
tests/test_completion.py::test_do_complete_after_get[procs = FIND process created -expected18] PASSED            [ 59%]
tests/test_completion.py::test_do_complete_after_get[procs = FIND process created BY -expected19] PASSED         [ 62%]
tests/test_completion.py::test_do_complete_after_get[procs2 = SORT procs -expected20] PASSED                     [ 65%]
tests/test_completion.py::test_do_complete_after_get[grps = GR-expected21] PASSED                                [ 68%]
tests/test_completion.py::test_do_complete_after_get[grps = GROUP -expected22] PASSED                            [ 71%]
tests/test_completion.py::test_do_complete_after_get[grps = GROUP conns -expected23] PASSED                      [ 75%]
tests/test_completion.py::test_do_complete_after_get[grps = GROUP conns by -expected24] PASSED                   [ 78%]
tests/test_completion.py::test_do_complete_after_get[urls = g-expected25] PASSED                                 [ 81%]
tests/test_completion.py::test_do_complete_after_get[urls = ge-expected26] PASSED                                [ 84%]
tests/test_completion.py::test_do_complete_after_get[urls = get -expected27] PASSED                              [ 87%]
tests/test_completion.py::test_do_complete_after_get[urls = get url -expected28] PASSED                          [ 90%]
tests/test_completion.py::test_do_complete_after_get[urls = get url from -expected29] PASSED                     [ 93%]
tests/test_completion.py::test_do_complete_after_get[urls = get url where -expected30] PASSED                    [ 96%]
tests/test_completion.py::test_do_complete_after_get[DISP conns ATTR -expected31] PASSED                         [100%]

================================================= 32 passed in 43.67s ==================================================
